<?xml version="1.0" encoding="UTF-8"?>
<testng-results ignored="0" total="1" passed="1" failed="0" skipped="0">
  <reporter-output>
  </reporter-output>
  <suite started-at="2022-08-23T08:20:32 IST" name="Default suite" finished-at="2022-08-23T08:22:21 IST" duration-ms="109037">
    <groups>
    </groups>
    <test started-at="2022-08-23T08:20:32 IST" name="Default test" finished-at="2022-08-23T08:22:21 IST" duration-ms="109037">
      <class name="com.qa.fb.tests.SignUpTest">
        <test-method is-config="true" signature="setUp()[pri:0, instance:com.qa.fb.tests.SignUpTest@1a20270e]" started-at="2022-08-23T08:20:32 IST" name="setUp" finished-at="2022-08-23T08:20:32 IST" duration-ms="30" status="PASS">
          <reporter-output>
          </reporter-output>
        </test-method> <!-- setUp -->
        <test-method signature="signUpTest()[pri:0, instance:com.qa.fb.tests.SignUpTest@1a20270e]" started-at="2022-08-23T08:20:32 IST" name="signUpTest" finished-at="2022-08-23T08:22:20 IST" duration-ms="108248" status="PASS">
          <reporter-output>
          </reporter-output>
        </test-method> <!-- signUpTest -->
      </class> <!-- com.qa.fb.tests.SignUpTest -->
    </test> <!-- Default test -->
  </suite> <!-- Default suite -->
</testng-results>
